This is pdfTeX, Version 3.14159265-2.6-1.40.19 (MiKTeX 2.9.6800 64-bit) (preloaded format=pdflatex 2018.9.5)  7 OCT 2018 18:06
entering extended mode
**./regles.tex
(regles.tex
LaTeX2e <2018-04-01> patch level 5
("C:\Users\Antoine\AppData\Local\Programs\MiKTeX 2.9\tex\latex\base\book.cls"
Document Class: book 2014/09/29 v1.4h Standard LaTeX document class
("C:\Users\Antoine\AppData\Local\Programs\MiKTeX 2.9\tex\latex\base\bk10.clo"
File: bk10.clo 2014/09/29 v1.4h Standard LaTeX file (size option)
)
\c@part=\count80
\c@chapter=\count81
\c@section=\count82
\c@subsection=\count83
\c@subsubsection=\count84
\c@paragraph=\count85
\c@subparagraph=\count86
\c@figure=\count87
\c@table=\count88
\abovecaptionskip=\skip41
\belowcaptionskip=\skip42
\bibindent=\dimen102
)
("C:\Users\Antoine\AppData\Local\Programs\MiKTeX 2.9\tex\latex\base\inputenc.st
y"
Package: inputenc 2018/04/06 v1.3b Input encoding file
\inpenc@prehook=\toks14
\inpenc@posthook=\toks15
)
("C:\Users\Antoine\AppData\Local\Programs\MiKTeX 2.9\tex\latex\base\fontenc.sty
"
Package: fontenc 2017/04/05 v2.0i Standard LaTeX package
 ("C:\Users\Antoine\AppData\Local\Programs\MiKTeX 2.9\tex\latex\base\t1enc.def"
File: t1enc.def 2017/04/05 v2.0i Standard LaTeX file
LaTeX Font Info:    Redeclaring font encoding T1 on input line 48.
))
("C:\Users\Antoine\AppData\Local\Programs\MiKTeX 2.9\tex\latex\amsmath\amsmath.
sty"
Package: amsmath 2017/09/02 v2.17a AMS math features
\@mathmargin=\skip43

For additional information on amsmath, use the `?' option.

("C:\Users\Antoine\AppData\Local\Programs\MiKTeX 2.9\tex\latex\amsmath\amstext.
sty"
Package: amstext 2000/06/29 v2.01 AMS text

("C:\Users\Antoine\AppData\Local\Programs\MiKTeX 2.9\tex\latex\amsmath\amsgen.s
ty"
File: amsgen.sty 1999/11/30 v2.0 generic functions
\@emptytoks=\toks16
\ex@=\dimen103
))
("C:\Users\Antoine\AppData\Local\Programs\MiKTeX 2.9\tex\latex\amsmath\amsbsy.s
ty"
Package: amsbsy 1999/11/29 v1.2d Bold Symbols
\pmbraise@=\dimen104
)
("C:\Users\Antoine\AppData\Local\Programs\MiKTeX 2.9\tex\latex\amsmath\amsopn.s
ty"
Package: amsopn 2016/03/08 v2.02 operator names
)
\inf@bad=\count89
LaTeX Info: Redefining \frac on input line 213.
\uproot@=\count90
\leftroot@=\count91
LaTeX Info: Redefining \overline on input line 375.
\classnum@=\count92
\DOTSCASE@=\count93
LaTeX Info: Redefining \ldots on input line 472.
LaTeX Info: Redefining \dots on input line 475.
LaTeX Info: Redefining \cdots on input line 596.
\Mathstrutbox@=\box26
\strutbox@=\box27
\big@size=\dimen105
LaTeX Font Info:    Redeclaring font encoding OML on input line 712.
LaTeX Font Info:    Redeclaring font encoding OMS on input line 713.
\macc@depth=\count94
\c@MaxMatrixCols=\count95
\dotsspace@=\muskip10
\c@parentequation=\count96
\dspbrk@lvl=\count97
\tag@help=\toks17
\row@=\count98
\column@=\count99
\maxfields@=\count100
\andhelp@=\toks18
\eqnshift@=\dimen106
\alignsep@=\dimen107
\tagshift@=\dimen108
\tagwidth@=\dimen109
\totwidth@=\dimen110
\lineht@=\dimen111
\@envbody=\toks19
\multlinegap=\skip44
\multlinetaggap=\skip45
\mathdisplay@stack=\toks20
LaTeX Info: Redefining \[ on input line 2817.
LaTeX Info: Redefining \] on input line 2818.
)
("C:\Users\Antoine\AppData\Local\Programs\MiKTeX 2.9\tex\latex\amsfonts\amsfont
s.sty"
Package: amsfonts 2013/01/14 v3.01 Basic AMSFonts support
\symAMSa=\mathgroup4
\symAMSb=\mathgroup5
LaTeX Font Info:    Overwriting math alphabet `\mathfrak' in version `bold'
(Font)                  U/euf/m/n --> U/euf/b/n on input line 106.
)
("C:\Users\Antoine\AppData\Local\Programs\MiKTeX 2.9\tex\latex\amsfonts\amssymb
.sty"
Package: amssymb 2013/01/14 v3.01 AMS font symbols
)
("C:\Users\Antoine\AppData\Local\Programs\MiKTeX 2.9\tex\latex\shorttoc\shortto
c.sty"
Package: shorttoc 2002/08/20 v1.3 Short table of contents (JPFD)
) (regles.aux)
\openout1 = `regles.aux'.

LaTeX Font Info:    Checking defaults for OML/cmm/m/it on input line 13.
LaTeX Font Info:    ... okay on input line 13.
LaTeX Font Info:    Checking defaults for T1/cmr/m/n on input line 13.
LaTeX Font Info:    ... okay on input line 13.
LaTeX Font Info:    Checking defaults for OT1/cmr/m/n on input line 13.
LaTeX Font Info:    ... okay on input line 13.
LaTeX Font Info:    Checking defaults for OMS/cmsy/m/n on input line 13.
LaTeX Font Info:    ... okay on input line 13.
LaTeX Font Info:    Checking defaults for OMX/cmex/m/n on input line 13.
LaTeX Font Info:    ... okay on input line 13.
LaTeX Font Info:    Checking defaults for U/cmr/m/n on input line 13.
LaTeX Font Info:    ... okay on input line 13.
LaTeX Font Info:    Try loading font information for U+msa on input line 15.

("C:\Users\Antoine\AppData\Local\Programs\MiKTeX 2.9\tex\latex\amsfonts\umsa.fd
"
File: umsa.fd 2013/01/14 v3.01 AMS symbols A
)
LaTeX Font Info:    Try loading font information for U+msb on input line 15.

("C:\Users\Antoine\AppData\Local\Programs\MiKTeX 2.9\tex\latex\amsfonts\umsb.fd
"
File: umsb.fd 2013/01/14 v3.01 AMS symbols B
) [1



{C:/Users/Antoine/AppData/Local/MiKTeX/2.9/pdftex/config/pdftex.map}]
[2



] (regles.toc) [3] [4


] [5

] [6

]
Chapter 1.

Underfull \vbox (badness 1308) has occurred while \output is active []


Underfull \hbox (badness 2035) in paragraph at lines 52--56
\T1/cmr/m/n/10 : leur ob-jec-tif, leur seuil et leur in-ter-valle.
 []

[7]
Underfull \hbox (badness 2393) in paragraph at lines 76--78
\T1/cmr/m/n/10 L'habileté est la ca-pac-ité d'un per-son-nage à
 []

[8]
Underfull \hbox (badness 1102) in paragraph at lines 108--112
\T1/cmr/m/n/10 ser-vent aux dif-férents types d'armes : lames,
 []

[9]
LaTeX Font Info:    Try loading font information for OMS+cmr on input line 136.


("C:\Users\Antoine\AppData\Local\Programs\MiKTeX 2.9\tex\latex\base\omscmr.fd"
File: omscmr.fd 2014/09/29 v2.5h Standard LaTeX font definitions
)
LaTeX Font Info:    Font shape `OMS/cmr/m/n' in size <10> not available
(Font)              Font shape `OMS/cmsy/m/n' tried instead on input line 136.

Underfull \hbox (badness 1997) in paragraph at lines 141--145
\T1/cmr/m/n/10 d'athlétisme+END. Un test d'équitation+HAB
 []

[10]
Underfull \hbox (badness 2384) in paragraph at lines 175--176
[]\T1/cmr/m/n/10 Enfin, un per-son-nage es-cal-adant une paroi
 []


Underfull \hbox (badness 1014) in paragraph at lines 175--176
\T1/cmr/m/n/10 subit un malus de -1 par tranche de 5 ki-los
 []

[11] [12]
Underfull \hbox (badness 3250) in paragraph at lines 238--239
\T1/cmr/m/n/10 Ensemble des con-nais-sances pra-tiques et des
 []

[13] [14

]
Chapter 2.

Underfull \hbox (badness 10000) in paragraph at lines 279--280
[]\T1/cmr/m/n/10 coma : Le per-son-nage tombe dans
 []


Underfull \hbox (badness 4846) in paragraph at lines 279--280
\T1/cmr/m/n/10 l'inconscience après ses ef-forts trop im-
 []


Underfull \vbox (badness 10000) has occurred while \output is active []

 [15]
Underfull \hbox (badness 1210) in paragraph at lines 333--334
\T1/cmr/m/n/10 con-séquence di-recte. Peut éventuelle-ment
 []

[16]
Underfull \hbox (badness 3209) in paragraph at lines 340--341
[]\T1/cmr/m/n/10 Un coup in-flige une blessure si après les
 []


Underfull \hbox (badness 1043) in paragraph at lines 374--375
[]\T1/cmr/m/n/10 Les ef-fets, c'est l'ensemble des con-séquences
 []

[17]
Underfull \hbox (badness 2189) in paragraph at lines 402--403
[]\T1/cmr/m/n/10 Par ailleurs, les dif-férentes com-pé-tences de
 []


Underfull \hbox (badness 1043) in paragraph at lines 407--408
[]\T1/cmr/m/n/10 Médecine : per-met de lim-iter les risques
 []

[18]
Underfull \hbox (badness 1314) in paragraph at lines 496--497
\T1/cmr/m/n/10 un test en op-po-si-tion en-tre la VIT+arme de
 []


Underfull \hbox (badness 2932) in paragraph at lines 500--501
[]\T1/cmr/m/n/10 En cas d'échec, le défenseur peut dé-cider
 []

[19]
Underfull \hbox (badness 2310) in paragraph at lines 516--520
\T1/cmr/m/n/10 posé de Corps à corps + VIT, et de con-
 []


Underfull \hbox (badness 1824) in paragraph at lines 516--520
\T1/cmr/m/n/10 tin-uer comme s'il s'agissait d'une at-taque de
 []


Underfull \hbox (badness 1221) in paragraph at lines 516--520
\T1/cmr/m/n/10 mêlée nor-male (les valeurs de dégâts des po-
 []


Overfull \hbox (134.89032pt too wide) in paragraph at lines 540--549
 [] 
 []

[20]
Underfull \hbox (badness 1342) in paragraph at lines 604--605
\T1/cmr/m/n/10 De nom-breuses amulettes, tal-is-mans et autres
 []


Underfull \hbox (badness 1924) in paragraph at lines 604--605
\T1/cmr/m/n/10 portes-bonheurs sont fréquem-ment util-isés par
 []

[21]
Underfull \hbox (badness 5862) in paragraph at lines 608--609
[]\T1/cmr/m/n/10 Une amulette a égale-ment un coût, qui
 []

[22]
Underfull \hbox (badness 1178) in paragraph at lines 641--642
[]\T1/cmr/m/n/10 Chaque élé-ment est une spé-cial-ité dif-férente
 []


Underfull \hbox (badness 10000) in paragraph at lines 641--642
\T1/cmr/m/n/10 : en-chante-ment (py-rokinésie) et en-chante-
 []


Underfull \hbox (badness 1540) in paragraph at lines 675--676
\T1/cmr/m/n/10 La re-li-gion per-met à un per-son-nage re-ligieux
 []

[23]
Underfull \hbox (badness 1742) in paragraph at lines 689--690
\T1/cmr/m/n/10 Les céré-monies courantes sont des céré-monies
 []


Underfull \hbox (badness 1694) in paragraph at lines 715--716
[]\T1/cmr/m/n/10 Des vi-sions pour-ront don-ner au per-son-nage
 []

[24]
Underfull \hbox (badness 1603) in paragraph at lines 747--748
\T1/cmr/m/n/10 Comme in-diqué précédem-ment, il ex-iste deux
 []

[25]
Underfull \hbox (badness 2460) in paragraph at lines 765--767
\T1/cmr/m/n/10 Il est pos-si-ble de porter plusieurs épais-seurs
 []

[26]
Underfull \hbox (badness 1490) in paragraph at lines 808--809
\T1/cmr/m/n/10 Utilisation de la struc-ture lamel-laire (lamelles
 []


Underfull \hbox (badness 3514) in paragraph at lines 808--809
\T1/cmr/m/n/10 rel-a-tive-ment basique, mais plutôt ef-fi-cace et
 []

[27] [28

]
Chapter 3.

Underfull \hbox (badness 2012) in paragraph at lines 829--835
[]\T1/cmr/m/n/10 Il faut choisir en pre-mier lieu un pack-age
 []

[29

]
Underfull \hbox (badness 4217) in paragraph at lines 868--870
\T1/cmr/m/n/10 L'enfance du per-son-nage n'est pas vrai-ment
 []

[30]
Underfull \hbox (badness 1038) in paragraph at lines 903--905
\T1/cmr/m/n/10 Le per-son-nage a étudié la magie auprès d'un
 []

[31]
Underfull \hbox (badness 1377) in paragraph at lines 918--920
\T1/cmr/m/n/10 Le per-son-nage a passé l'adolescence avec une
 []

[32]
Underfull \hbox (badness 1635) in paragraph at lines 953--955
\T1/cmr/m/n/10 Le per-son-nage dirige des ac-tiv-ités crim-inelles,
 []

[33]
Underfull \hbox (badness 1168) in paragraph at lines 975--977
\T1/cmr/m/n/10 tromperie. cer-tains l'ont bien com-pris et de
 []

[34]
Underfull \hbox (badness 1803) in paragraph at lines 997--999
\T1/cmr/m/n/10 règne générale-ment, même si la poli-tique in-
 []

[35]
Underfull \hbox (badness 1152) in paragraph at lines 1003--1005
\T1/cmr/m/n/10 Chaque re-li-gion a ses prêtres, qui in-ter-cè-dent
 []

[36]
Underfull \hbox (badness 7116) in paragraph at lines 1047--1048
\T1/cmr/m/n/10 Le per-son-nage sait lire et écrire, quoique
 []


Underfull \hbox (badness 2573) in paragraph at lines 1053--1054
\T1/cmr/m/n/10 Le per-son-nage fait par-tie d'une or-gan-i-sa-tion,
 []

[37]
Underfull \hbox (badness 1803) in paragraph at lines 1065--1066
\T1/cmr/m/n/10 Le per-son-nage est recher-ché par une fac-tion,
 []

[38]
Chapter 4.
[39

] [40

] [41


] [42


] (regles.toc [43] [44])
\tf@toc=\write3
\openout3 = `regles.toc'.

 [45] (regles.aux) ) 
Here is how much of TeX's memory you used:
 1460 strings out of 492972
 16991 string characters out of 3125735
 82535 words of memory out of 3000000
 5339 multiletter control sequences out of 15000+200000
 19289 words of font info for 52 fonts, out of 3000000 for 9000
 1141 hyphenation exceptions out of 8191
 27i,8n,25p,898b,264s stack positions out of 5000i,500n,10000p,200000b,50000s
 <C:\Users\Antoine\AppData\Local\MiKTeX\2.9\fonts\pk\ljfour
\jknappen\ec\dpi600\ecbx1200.pk> <C:\Users\Antoine\AppData\Local\MiKTeX\2.9\fon
ts\pk\ljfour\jknappen\ec\dpi600\ecbx1440.pk> <C:\Users\Antoine\AppData\Local\Mi
KTeX\2.9\fonts\pk\ljfour\jknappen\ec\dpi600\ecbx2074.pk> <C:\Users\Antoine\AppD
ata\Local\MiKTeX\2.9\fonts\pk\ljfour\jknappen\ec\dpi600\ecsl1000.pk> <C:\Users\
Antoine\AppData\Local\MiKTeX\2.9\fonts\pk\ljfour\jknappen\ec\dpi600\ecbx1000.pk
> <C:\Users\Antoine\AppData\Local\MiKTeX\2.9\fonts\pk\ljfour\jknappen\ec\dpi600
\ecbx2488.pk> <C:\Users\Antoine\AppData\Local\MiKTeX\2.9\fonts\pk\ljfour\jknapp
en\ec\dpi600\ecrm1000.pk> <C:\Users\Antoine\AppData\Local\MiKTeX\2.9\fonts\pk\l
jfour\jknappen\ec\dpi600\ecrm1200.pk> <C:\Users\Antoine\AppData\Local\MiKTeX\2.
9\fonts\pk\ljfour\jknappen\ec\dpi600\ecrm1728.pk><C:/Users/Antoine/AppData/Loca
l/Programs/MiKTeX 2.9/fonts/type1/public/amsfonts/cm/cmsy10.pfb>
Output written on regles.pdf (45 pages, 261653 bytes).
PDF statistics:
 557 PDF objects out of 1000 (max. 8388607)
 0 named destinations out of 1000 (max. 500000)
 1 words of extra memory for PDF output out of 10000 (max. 10000000)

